<?xml version="1.0" encoding="UTF-8"?>
<!-- Generated by org.testng.reporters.JUnitReportReporter -->
<testsuite hostname="LAPTOP-FIGT9D78" failures="0" tests="1" name="com.AshaAPIs.GetDownloadMasterDetailsByProjectId" time="1.561" errors="0" timestamp="2023-03-01T15:36:06 IST" skipped="0">
  <testcase classname="com.AshaAPIs.GetDownloadMasterDetailsByProjectId" name="getDownloadMasterDetailsByProjectId" time="1.561"/>
  <system-out/>
</testsuite> <!-- com.AshaAPIs.GetDownloadMasterDetailsByProjectId -->
