<?xml version="1.0" encoding="UTF-8"?>
<!-- Generated by org.testng.reporters.JUnitReportReporter -->
<testsuite hostname="LAPTOP-FIGT9D78" failures="0" tests="1" name="com.TokenAuthentication.GenerateTokenWebUser" time="4.245" errors="0" timestamp="2023-03-05T00:03:36 IST" skipped="0">
  <testcase classname="com.TokenAuthentication.GenerateTokenWebUser" name="getAccessToken" time="4.245"/>
  <system-out/>
</testsuite> <!-- com.TokenAuthentication.GenerateTokenWebUser -->
