<?xml version="1.0" encoding="UTF-8"?>
<!-- Generated by org.testng.reporters.JUnitReportReporter -->
<testsuite hostname="LAPTOP-FIGT9D78" failures="0" tests="1" name="com.AshaAPIs.GetDownloadpatientdataByCreater" time="1.504" errors="0" timestamp="2023-03-01T15:36:27 IST" skipped="0">
  <testcase classname="com.AshaAPIs.GetDownloadpatientdataByCreater" name="getDownloadpatientdataByCreater" time="1.504"/>
  <system-out/>
</testsuite> <!-- com.AshaAPIs.GetDownloadpatientdataByCreater -->
