<?xml version="1.0" encoding="UTF-8"?>
<!-- Generated by org.testng.reporters.JUnitReportReporter -->
<testsuite hostname="LAPTOP-FIGT9D78" failures="0" tests="1" name="com.SuperAdminAPIs.GET_MenuwithroleSuperAdmin" time="1.500" errors="0" timestamp="2023-03-05T00:05:20 IST" skipped="0">
  <testcase classname="com.SuperAdminAPIs.GET_MenuwithroleSuperAdmin" name="GET_MenuWithroleSuperAdmin" time="1.500"/>
  <system-out/>
</testsuite> <!-- com.SuperAdminAPIs.GET_MenuwithroleSuperAdmin -->
