<?xml version="1.0" encoding="UTF-8"?>
<!-- Generated by org.testng.reporters.JUnitReportReporter -->
<testsuite hostname="LAPTOP-FIGT9D78" failures="0" tests="1" name="com.AshaAPIs.GetUserById" time="1.776" errors="0" timestamp="2023-03-04T23:57:54 IST" skipped="0">
  <testcase classname="com.AshaAPIs.GetUserById" name="getByuserId" time="1.776"/>
  <system-out/>
</testsuite> <!-- com.AshaAPIs.GetUserById -->
