<?xml version="1.0" encoding="UTF-8"?>
<!-- Generated by org.testng.reporters.JUnitReportReporter -->
<testsuite hostname="LAPTOP-FIGT9D78" failures="0" tests="1" name="com.TokenAuthentication.GenerateTokenAshaUser" time="4.259" errors="0" timestamp="2023-03-04T23:50:48 IST" skipped="0">
  <testcase classname="com.TokenAuthentication.GenerateTokenAshaUser" name="getAccessToken" time="4.259"/>
  <system-out/>
</testsuite> <!-- com.TokenAuthentication.GenerateTokenAshaUser -->
